/usr/lib/python3/dist-packages/setuptools/command/easy_install.py:158: EasyInstallDeprecationWarning: easy_install command is deprecated. Use build and pip and other standards-based tools.
  warnings.warn(
running develop
Removing /home/wyatt/ros2_ws/src/install/data_relay/lib/python3.10/site-packages/data-relay.egg-link (link to .)
running egg_info
writing ../build/data_relay/data_relay.egg-info/PKG-INFO
writing dependency_links to ../build/data_relay/data_relay.egg-info/dependency_links.txt
writing entry points to ../build/data_relay/data_relay.egg-info/entry_points.txt
writing requirements to ../build/data_relay/data_relay.egg-info/requires.txt
writing top-level names to ../build/data_relay/data_relay.egg-info/top_level.txt
reading manifest file '../build/data_relay/data_relay.egg-info/SOURCES.txt'
writing manifest file '../build/data_relay/data_relay.egg-info/SOURCES.txt'
running build
running build_py
creating /home/wyatt/ros2_ws/src/build/data_relay/build
creating /home/wyatt/ros2_ws/src/build/data_relay/build/lib
creating /home/wyatt/ros2_ws/src/build/data_relay/build/lib/data_relay
copying data_relay/listener.py -> /home/wyatt/ros2_ws/src/build/data_relay/build/lib/data_relay
copying data_relay/talker.py -> /home/wyatt/ros2_ws/src/build/data_relay/build/lib/data_relay
copying data_relay/__init__.py -> /home/wyatt/ros2_ws/src/build/data_relay/build/lib/data_relay
running install
running install_lib
creating /home/wyatt/ros2_ws/src/install/data_relay/lib/python3.10/site-packages/data_relay
copying /home/wyatt/ros2_ws/src/build/data_relay/build/lib/data_relay/listener.py -> /home/wyatt/ros2_ws/src/install/data_relay/lib/python3.10/site-packages/data_relay
copying /home/wyatt/ros2_ws/src/build/data_relay/build/lib/data_relay/talker.py -> /home/wyatt/ros2_ws/src/install/data_relay/lib/python3.10/site-packages/data_relay
copying /home/wyatt/ros2_ws/src/build/data_relay/build/lib/data_relay/__init__.py -> /home/wyatt/ros2_ws/src/install/data_relay/lib/python3.10/site-packages/data_relay
byte-compiling /home/wyatt/ros2_ws/src/install/data_relay/lib/python3.10/site-packages/data_relay/listener.py to listener.cpython-310.pyc
byte-compiling /home/wyatt/ros2_ws/src/install/data_relay/lib/python3.10/site-packages/data_relay/talker.py to talker.cpython-310.pyc
byte-compiling /home/wyatt/ros2_ws/src/install/data_relay/lib/python3.10/site-packages/data_relay/__init__.py to __init__.cpython-310.pyc
running install_data
copying resource/data_relay -> /home/wyatt/ros2_ws/src/install/data_relay/share/ament_index/resource_index/packages
copying package.xml -> /home/wyatt/ros2_ws/src/install/data_relay/share/data_relay
running install_egg_info
Copying ../build/data_relay/data_relay.egg-info to /home/wyatt/ros2_ws/src/install/data_relay/lib/python3.10/site-packages/data_relay-0.0.0-py3.10.egg-info
running install_scripts
Installing listener_node script to /home/wyatt/ros2_ws/src/install/data_relay/lib/data_relay
Installing talker_node script to /home/wyatt/ros2_ws/src/install/data_relay/lib/data_relay
writing list of installed files to '/home/wyatt/ros2_ws/src/build/data_relay/install.log'
