[0.481s] Invoking command in '/home/wyatt/Documents/GitHub/SHC-RoverTeam-3/ROS2/ros2_ws/src/data_relay': PYTHONPATH=/home/wyatt/Documents/GitHub/SHC-RoverTeam-3/ROS2/ros2_ws/build/data_relay/prefix_override:/usr/lib/python3/dist-packages/colcon_core/task/python/colcon_distutils_commands:/home/wyatt/Documents/GitHub/SHC-RoverTeam-3/ROS2/ros2_ws/install/data_relay/lib/python3.10/site-packages:${PYTHONPATH} /usr/bin/python3 -W ignore:setup.py install is deprecated setup.py egg_info --egg-base ../../build/data_relay build --build-base /home/wyatt/Documents/GitHub/SHC-RoverTeam-3/ROS2/ros2_ws/build/data_relay/build install --record /home/wyatt/Documents/GitHub/SHC-RoverTeam-3/ROS2/ros2_ws/build/data_relay/install.log --single-version-externally-managed install_data
[0.632s] running egg_info
[0.632s] writing ../../build/data_relay/data_relay.egg-info/PKG-INFO
[0.634s] writing dependency_links to ../../build/data_relay/data_relay.egg-info/dependency_links.txt
[0.634s] writing entry points to ../../build/data_relay/data_relay.egg-info/entry_points.txt
[0.634s] writing requirements to ../../build/data_relay/data_relay.egg-info/requires.txt
[0.634s] writing top-level names to ../../build/data_relay/data_relay.egg-info/top_level.txt
[0.634s] reading manifest file '../../build/data_relay/data_relay.egg-info/SOURCES.txt'
[0.636s] writing manifest file '../../build/data_relay/data_relay.egg-info/SOURCES.txt'
[0.636s] running build
[0.636s] running build_py
[0.636s] copying data_relay/groundstation_node.py -> /home/wyatt/Documents/GitHub/SHC-RoverTeam-3/ROS2/ros2_ws/build/data_relay/build/lib/data_relay
[0.636s] running install
[0.636s] running install_lib
[0.636s] copying /home/wyatt/Documents/GitHub/SHC-RoverTeam-3/ROS2/ros2_ws/build/data_relay/build/lib/data_relay/groundstation_node.py -> /home/wyatt/Documents/GitHub/SHC-RoverTeam-3/ROS2/ros2_ws/install/data_relay/lib/python3.10/site-packages/data_relay
[0.637s] byte-compiling /home/wyatt/Documents/GitHub/SHC-RoverTeam-3/ROS2/ros2_ws/install/data_relay/lib/python3.10/site-packages/data_relay/groundstation_node.py to groundstation_node.cpython-310.pyc
[0.639s] running install_data
[0.640s] running install_egg_info
[0.642s] removing '/home/wyatt/Documents/GitHub/SHC-RoverTeam-3/ROS2/ros2_ws/install/data_relay/lib/python3.10/site-packages/data_relay-0.0.0-py3.10.egg-info' (and everything under it)
[0.643s] Copying ../../build/data_relay/data_relay.egg-info to /home/wyatt/Documents/GitHub/SHC-RoverTeam-3/ROS2/ros2_ws/install/data_relay/lib/python3.10/site-packages/data_relay-0.0.0-py3.10.egg-info
[0.643s] running install_scripts
[0.658s] Installing groundstation_node script to /home/wyatt/Documents/GitHub/SHC-RoverTeam-3/ROS2/ros2_ws/install/data_relay/lib/data_relay
[0.658s] Installing listener_node script to /home/wyatt/Documents/GitHub/SHC-RoverTeam-3/ROS2/ros2_ws/install/data_relay/lib/data_relay
[0.658s] Installing talker_node script to /home/wyatt/Documents/GitHub/SHC-RoverTeam-3/ROS2/ros2_ws/install/data_relay/lib/data_relay
[0.658s] writing list of installed files to '/home/wyatt/Documents/GitHub/SHC-RoverTeam-3/ROS2/ros2_ws/build/data_relay/install.log'
[0.674s] Invoked command in '/home/wyatt/Documents/GitHub/SHC-RoverTeam-3/ROS2/ros2_ws/src/data_relay' returned '0': PYTHONPATH=/home/wyatt/Documents/GitHub/SHC-RoverTeam-3/ROS2/ros2_ws/build/data_relay/prefix_override:/usr/lib/python3/dist-packages/colcon_core/task/python/colcon_distutils_commands:/home/wyatt/Documents/GitHub/SHC-RoverTeam-3/ROS2/ros2_ws/install/data_relay/lib/python3.10/site-packages:${PYTHONPATH} /usr/bin/python3 -W ignore:setup.py install is deprecated setup.py egg_info --egg-base ../../build/data_relay build --build-base /home/wyatt/Documents/GitHub/SHC-RoverTeam-3/ROS2/ros2_ws/build/data_relay/build install --record /home/wyatt/Documents/GitHub/SHC-RoverTeam-3/ROS2/ros2_ws/build/data_relay/install.log --single-version-externally-managed install_data
