[0.619s] Invoking command in '/home/wyatt/Documents/GitHub/SHC-RoverTeam-3/ROS2/ros2_ws/src/data_relay': PYTHONPATH=/home/wyatt/Documents/GitHub/SHC-RoverTeam-3/ROS2/ros2_ws/build/data_relay/prefix_override:/usr/lib/python3/dist-packages/colcon_core/task/python/colcon_distutils_commands:/home/wyatt/Documents/GitHub/SHC-RoverTeam-3/ROS2/ros2_ws/install/data_relay/lib/python3.10/site-packages:${PYTHONPATH} /usr/bin/python3 -W ignore:setup.py install is deprecated setup.py egg_info --egg-base ../../build/data_relay build --build-base /home/wyatt/Documents/GitHub/SHC-RoverTeam-3/ROS2/ros2_ws/build/data_relay/build install --record /home/wyatt/Documents/GitHub/SHC-RoverTeam-3/ROS2/ros2_ws/build/data_relay/install.log --single-version-externally-managed install_data
[0.754s] running egg_info
[0.754s] writing ../../build/data_relay/data_relay.egg-info/PKG-INFO
[0.756s] writing dependency_links to ../../build/data_relay/data_relay.egg-info/dependency_links.txt
[0.756s] writing entry points to ../../build/data_relay/data_relay.egg-info/entry_points.txt
[0.756s] writing requirements to ../../build/data_relay/data_relay.egg-info/requires.txt
[0.756s] writing top-level names to ../../build/data_relay/data_relay.egg-info/top_level.txt
[0.757s] reading manifest file '../../build/data_relay/data_relay.egg-info/SOURCES.txt'
[0.759s] writing manifest file '../../build/data_relay/data_relay.egg-info/SOURCES.txt'
[0.759s] running build
[0.759s] running build_py
[0.759s] copying data_relay/groundstation_node.py -> /home/wyatt/Documents/GitHub/SHC-RoverTeam-3/ROS2/ros2_ws/build/data_relay/build/lib/data_relay
[0.760s] running install
[0.760s] running install_lib
[0.761s] copying /home/wyatt/Documents/GitHub/SHC-RoverTeam-3/ROS2/ros2_ws/build/data_relay/build/lib/data_relay/groundstation_node.py -> /home/wyatt/Documents/GitHub/SHC-RoverTeam-3/ROS2/ros2_ws/install/data_relay/lib/python3.10/site-packages/data_relay
[0.762s] byte-compiling /home/wyatt/Documents/GitHub/SHC-RoverTeam-3/ROS2/ros2_ws/install/data_relay/lib/python3.10/site-packages/data_relay/groundstation_node.py to groundstation_node.cpython-310.pyc
[0.763s] running install_data
[0.763s] running install_egg_info
[0.764s] removing '/home/wyatt/Documents/GitHub/SHC-RoverTeam-3/ROS2/ros2_ws/install/data_relay/lib/python3.10/site-packages/data_relay-0.0.0-py3.10.egg-info' (and everything under it)
[0.764s] Copying ../../build/data_relay/data_relay.egg-info to /home/wyatt/Documents/GitHub/SHC-RoverTeam-3/ROS2/ros2_ws/install/data_relay/lib/python3.10/site-packages/data_relay-0.0.0-py3.10.egg-info
[0.765s] running install_scripts
[0.776s] Installing groundstation_node script to /home/wyatt/Documents/GitHub/SHC-RoverTeam-3/ROS2/ros2_ws/install/data_relay/lib/data_relay
[0.777s] Installing listener_node script to /home/wyatt/Documents/GitHub/SHC-RoverTeam-3/ROS2/ros2_ws/install/data_relay/lib/data_relay
[0.777s] Installing motor_talker script to /home/wyatt/Documents/GitHub/SHC-RoverTeam-3/ROS2/ros2_ws/install/data_relay/lib/data_relay
[0.777s] Installing pygame_node script to /home/wyatt/Documents/GitHub/SHC-RoverTeam-3/ROS2/ros2_ws/install/data_relay/lib/data_relay
[0.778s] Installing relay_node script to /home/wyatt/Documents/GitHub/SHC-RoverTeam-3/ROS2/ros2_ws/install/data_relay/lib/data_relay
[0.778s] Installing talker_node script to /home/wyatt/Documents/GitHub/SHC-RoverTeam-3/ROS2/ros2_ws/install/data_relay/lib/data_relay
[0.779s] writing list of installed files to '/home/wyatt/Documents/GitHub/SHC-RoverTeam-3/ROS2/ros2_ws/build/data_relay/install.log'
[0.793s] Invoked command in '/home/wyatt/Documents/GitHub/SHC-RoverTeam-3/ROS2/ros2_ws/src/data_relay' returned '0': PYTHONPATH=/home/wyatt/Documents/GitHub/SHC-RoverTeam-3/ROS2/ros2_ws/build/data_relay/prefix_override:/usr/lib/python3/dist-packages/colcon_core/task/python/colcon_distutils_commands:/home/wyatt/Documents/GitHub/SHC-RoverTeam-3/ROS2/ros2_ws/install/data_relay/lib/python3.10/site-packages:${PYTHONPATH} /usr/bin/python3 -W ignore:setup.py install is deprecated setup.py egg_info --egg-base ../../build/data_relay build --build-base /home/wyatt/Documents/GitHub/SHC-RoverTeam-3/ROS2/ros2_ws/build/data_relay/build install --record /home/wyatt/Documents/GitHub/SHC-RoverTeam-3/ROS2/ros2_ws/build/data_relay/install.log --single-version-externally-managed install_data
