[0.445s] Invoking command in '/home/wyatt/ros2_ws/src/build/data_relay': PYTHONPATH=/home/wyatt/ros2_ws/src/build/data_relay/prefix_override:/usr/lib/python3/dist-packages/colcon_core/task/python/colcon_distutils_commands:/home/wyatt/ros2_ws/src/install/data_relay/lib/python3.10/site-packages:${PYTHONPATH} /usr/bin/python3 -W ignore:setup.py install is deprecated setup.py develop --editable --build-directory /home/wyatt/ros2_ws/src/build/data_relay/build --no-deps symlink_data
[0.599s] running develop
[0.600s] /usr/lib/python3/dist-packages/setuptools/command/easy_install.py:158: EasyInstallDeprecationWarning: easy_install command is deprecated. Use build and pip and other standards-based tools.
[0.601s]   warnings.warn(
[0.692s] running egg_info
[0.693s] writing data_relay.egg-info/PKG-INFO
[0.693s] writing dependency_links to data_relay.egg-info/dependency_links.txt
[0.693s] writing entry points to data_relay.egg-info/entry_points.txt
[0.695s] writing requirements to data_relay.egg-info/requires.txt
[0.695s] writing top-level names to data_relay.egg-info/top_level.txt
[0.695s] reading manifest file 'data_relay.egg-info/SOURCES.txt'
[0.695s] writing manifest file 'data_relay.egg-info/SOURCES.txt'
[0.696s] running build_ext
[0.696s] Creating /home/wyatt/ros2_ws/src/install/data_relay/lib/python3.10/site-packages/data-relay.egg-link (link to .)
[0.697s] Installing groundstation_node script to /home/wyatt/ros2_ws/src/install/data_relay/lib/data_relay
[0.697s] Installing listener_node script to /home/wyatt/ros2_ws/src/install/data_relay/lib/data_relay
[0.697s] Installing talker_node script to /home/wyatt/ros2_ws/src/install/data_relay/lib/data_relay
[0.697s] 
[0.697s] Installed /home/wyatt/ros2_ws/src/build/data_relay
[0.697s] running symlink_data
[0.720s] Invoked command in '/home/wyatt/ros2_ws/src/build/data_relay' returned '0': PYTHONPATH=/home/wyatt/ros2_ws/src/build/data_relay/prefix_override:/usr/lib/python3/dist-packages/colcon_core/task/python/colcon_distutils_commands:/home/wyatt/ros2_ws/src/install/data_relay/lib/python3.10/site-packages:${PYTHONPATH} /usr/bin/python3 -W ignore:setup.py install is deprecated setup.py develop --editable --build-directory /home/wyatt/ros2_ws/src/build/data_relay/build --no-deps symlink_data
