[1.115s] Invoking command in '/home/wyatt/Documents/GitHub/SHC-RoverTeam-3/ROS2/ros2_ws/src/data_relay': PYTHONPATH=/home/wyatt/Documents/GitHub/SHC-RoverTeam-3/ROS2/ros2_ws/build/data_relay/prefix_override:/usr/lib/python3/dist-packages/colcon_core/task/python/colcon_distutils_commands:/home/wyatt/Documents/GitHub/SHC-RoverTeam-3/ROS2/ros2_ws/install/data_relay/lib/python3.10/site-packages:${PYTHONPATH} /usr/bin/python3 -W ignore:setup.py install is deprecated setup.py egg_info --egg-base ../../build/data_relay build --build-base /home/wyatt/Documents/GitHub/SHC-RoverTeam-3/ROS2/ros2_ws/build/data_relay/build install --record /home/wyatt/Documents/GitHub/SHC-RoverTeam-3/ROS2/ros2_ws/build/data_relay/install.log --single-version-externally-managed install_data
[1.442s] running egg_info
[1.443s] writing ../../build/data_relay/data_relay.egg-info/PKG-INFO
[1.443s] writing dependency_links to ../../build/data_relay/data_relay.egg-info/dependency_links.txt
[1.443s] writing entry points to ../../build/data_relay/data_relay.egg-info/entry_points.txt
[1.444s] writing requirements to ../../build/data_relay/data_relay.egg-info/requires.txt
[1.445s] writing top-level names to ../../build/data_relay/data_relay.egg-info/top_level.txt
[1.445s] reading manifest file '../../build/data_relay/data_relay.egg-info/SOURCES.txt'
[1.450s] writing manifest file '../../build/data_relay/data_relay.egg-info/SOURCES.txt'
[1.450s] running build
[1.450s] running build_py
[1.451s] copying data_relay/groundstation_node.py -> /home/wyatt/Documents/GitHub/SHC-RoverTeam-3/ROS2/ros2_ws/build/data_relay/build/lib/data_relay
[1.451s] copying data_relay/groundstation.py -> /home/wyatt/Documents/GitHub/SHC-RoverTeam-3/ROS2/ros2_ws/build/data_relay/build/lib/data_relay
[1.451s] running install
[1.451s] running install_lib
[1.451s] copying /home/wyatt/Documents/GitHub/SHC-RoverTeam-3/ROS2/ros2_ws/build/data_relay/build/lib/data_relay/groundstation_node.py -> /home/wyatt/Documents/GitHub/SHC-RoverTeam-3/ROS2/ros2_ws/install/data_relay/lib/python3.10/site-packages/data_relay
[1.451s] copying /home/wyatt/Documents/GitHub/SHC-RoverTeam-3/ROS2/ros2_ws/build/data_relay/build/lib/data_relay/groundstation.py -> /home/wyatt/Documents/GitHub/SHC-RoverTeam-3/ROS2/ros2_ws/install/data_relay/lib/python3.10/site-packages/data_relay
[1.456s] byte-compiling /home/wyatt/Documents/GitHub/SHC-RoverTeam-3/ROS2/ros2_ws/install/data_relay/lib/python3.10/site-packages/data_relay/groundstation_node.py to groundstation_node.cpython-310.pyc
[1.456s] byte-compiling /home/wyatt/Documents/GitHub/SHC-RoverTeam-3/ROS2/ros2_ws/install/data_relay/lib/python3.10/site-packages/data_relay/groundstation.py to groundstation.cpython-310.pyc
[1.465s] running install_data
[1.465s] running install_egg_info
[1.465s] removing '/home/wyatt/Documents/GitHub/SHC-RoverTeam-3/ROS2/ros2_ws/install/data_relay/lib/python3.10/site-packages/data_relay-0.0.0-py3.10.egg-info' (and everything under it)
[1.465s] Copying ../../build/data_relay/data_relay.egg-info to /home/wyatt/Documents/GitHub/SHC-RoverTeam-3/ROS2/ros2_ws/install/data_relay/lib/python3.10/site-packages/data_relay-0.0.0-py3.10.egg-info
[1.468s] running install_scripts
[1.496s] Installing groundstation_node script to /home/wyatt/Documents/GitHub/SHC-RoverTeam-3/ROS2/ros2_ws/install/data_relay/lib/data_relay
[1.497s] Installing listener_node script to /home/wyatt/Documents/GitHub/SHC-RoverTeam-3/ROS2/ros2_ws/install/data_relay/lib/data_relay
[1.498s] Installing motor_talker script to /home/wyatt/Documents/GitHub/SHC-RoverTeam-3/ROS2/ros2_ws/install/data_relay/lib/data_relay
[1.498s] Installing pygame_node script to /home/wyatt/Documents/GitHub/SHC-RoverTeam-3/ROS2/ros2_ws/install/data_relay/lib/data_relay
[1.498s] Installing relay_pub script to /home/wyatt/Documents/GitHub/SHC-RoverTeam-3/ROS2/ros2_ws/install/data_relay/lib/data_relay
[1.499s] Installing relay_sub script to /home/wyatt/Documents/GitHub/SHC-RoverTeam-3/ROS2/ros2_ws/install/data_relay/lib/data_relay
[1.499s] Installing talker_node script to /home/wyatt/Documents/GitHub/SHC-RoverTeam-3/ROS2/ros2_ws/install/data_relay/lib/data_relay
[1.500s] writing list of installed files to '/home/wyatt/Documents/GitHub/SHC-RoverTeam-3/ROS2/ros2_ws/build/data_relay/install.log'
[1.529s] Invoked command in '/home/wyatt/Documents/GitHub/SHC-RoverTeam-3/ROS2/ros2_ws/src/data_relay' returned '0': PYTHONPATH=/home/wyatt/Documents/GitHub/SHC-RoverTeam-3/ROS2/ros2_ws/build/data_relay/prefix_override:/usr/lib/python3/dist-packages/colcon_core/task/python/colcon_distutils_commands:/home/wyatt/Documents/GitHub/SHC-RoverTeam-3/ROS2/ros2_ws/install/data_relay/lib/python3.10/site-packages:${PYTHONPATH} /usr/bin/python3 -W ignore:setup.py install is deprecated setup.py egg_info --egg-base ../../build/data_relay build --build-base /home/wyatt/Documents/GitHub/SHC-RoverTeam-3/ROS2/ros2_ws/build/data_relay/build install --record /home/wyatt/Documents/GitHub/SHC-RoverTeam-3/ROS2/ros2_ws/build/data_relay/install.log --single-version-externally-managed install_data
