/home/jackr/.pyenv/versions/3.12.7/lib/python3.12/site-packages/setuptools/_distutils/dist.py:261: UserWarning: Unknown distribution option: 'tests_require'
  warnings.warn(msg)
running egg_info
creating build/pico_relay/pico_relay.egg-info
writing build/pico_relay/pico_relay.egg-info/PKG-INFO
writing dependency_links to build/pico_relay/pico_relay.egg-info/dependency_links.txt
writing entry points to build/pico_relay/pico_relay.egg-info/entry_points.txt
writing requirements to build/pico_relay/pico_relay.egg-info/requires.txt
writing top-level names to build/pico_relay/pico_relay.egg-info/top_level.txt
writing manifest file 'build/pico_relay/pico_relay.egg-info/SOURCES.txt'
reading manifest file 'build/pico_relay/pico_relay.egg-info/SOURCES.txt'
writing manifest file 'build/pico_relay/pico_relay.egg-info/SOURCES.txt'
running build
running build_py
creating /home/jackr/Documents/SHC/Two Month/Template/SHC-Rover-Team3/SHC-RoverTeam-3/ROS2/Example/ros2_ws/src/pico_relay/build/pico_relay/build/lib/pico_relay
copying pico_relay/__init__.py -> /home/jackr/Documents/SHC/Two Month/Template/SHC-Rover-Team3/SHC-RoverTeam-3/ROS2/Example/ros2_ws/src/pico_relay/build/pico_relay/build/lib/pico_relay
copying pico_relay/relay_node.py -> /home/jackr/Documents/SHC/Two Month/Template/SHC-Rover-Team3/SHC-RoverTeam-3/ROS2/Example/ros2_ws/src/pico_relay/build/pico_relay/build/lib/pico_relay
running install
running install_lib
creating /home/jackr/Documents/SHC/Two Month/Template/SHC-Rover-Team3/SHC-RoverTeam-3/ROS2/Example/ros2_ws/src/pico_relay/install/pico_relay/lib/python3.12/site-packages/pico_relay
copying /home/jackr/Documents/SHC/Two Month/Template/SHC-Rover-Team3/SHC-RoverTeam-3/ROS2/Example/ros2_ws/src/pico_relay/build/pico_relay/build/lib/pico_relay/__init__.py -> /home/jackr/Documents/SHC/Two Month/Template/SHC-Rover-Team3/SHC-RoverTeam-3/ROS2/Example/ros2_ws/src/pico_relay/install/pico_relay/lib/python3.12/site-packages/pico_relay
copying /home/jackr/Documents/SHC/Two Month/Template/SHC-Rover-Team3/SHC-RoverTeam-3/ROS2/Example/ros2_ws/src/pico_relay/build/pico_relay/build/lib/pico_relay/relay_node.py -> /home/jackr/Documents/SHC/Two Month/Template/SHC-Rover-Team3/SHC-RoverTeam-3/ROS2/Example/ros2_ws/src/pico_relay/install/pico_relay/lib/python3.12/site-packages/pico_relay
byte-compiling /home/jackr/Documents/SHC/Two Month/Template/SHC-Rover-Team3/SHC-RoverTeam-3/ROS2/Example/ros2_ws/src/pico_relay/install/pico_relay/lib/python3.12/site-packages/pico_relay/__init__.py to __init__.cpython-312.pyc
byte-compiling /home/jackr/Documents/SHC/Two Month/Template/SHC-Rover-Team3/SHC-RoverTeam-3/ROS2/Example/ros2_ws/src/pico_relay/install/pico_relay/lib/python3.12/site-packages/pico_relay/relay_node.py to relay_node.cpython-312.pyc
running install_data
creating /home/jackr/Documents/SHC/Two Month/Template/SHC-Rover-Team3/SHC-RoverTeam-3/ROS2/Example/ros2_ws/src/pico_relay/install/pico_relay/share/ament_index/resource_index/packages
copying resource/pico_relay -> /home/jackr/Documents/SHC/Two Month/Template/SHC-Rover-Team3/SHC-RoverTeam-3/ROS2/Example/ros2_ws/src/pico_relay/install/pico_relay/share/ament_index/resource_index/packages
copying package.xml -> /home/jackr/Documents/SHC/Two Month/Template/SHC-Rover-Team3/SHC-RoverTeam-3/ROS2/Example/ros2_ws/src/pico_relay/install/pico_relay/share/pico_relay
running install_egg_info
Copying build/pico_relay/pico_relay.egg-info to /home/jackr/Documents/SHC/Two Month/Template/SHC-Rover-Team3/SHC-RoverTeam-3/ROS2/Example/ros2_ws/src/pico_relay/install/pico_relay/lib/python3.12/site-packages/pico_relay-0.0.0-py3.12.egg-info
running install_scripts
Installing relay script to /home/jackr/Documents/SHC/Two Month/Template/SHC-Rover-Team3/SHC-RoverTeam-3/ROS2/Example/ros2_ws/src/pico_relay/install/pico_relay/lib/pico_relay
writing list of installed files to '/home/jackr/Documents/SHC/Two Month/Template/SHC-Rover-Team3/SHC-RoverTeam-3/ROS2/Example/ros2_ws/src/pico_relay/build/pico_relay/install.log'
