[0.064s] DEBUG:colcon:Command line arguments: ['/usr/bin/colcon', 'build', '--symlink-install']
[0.064s] DEBUG:colcon:Parsed command line arguments: Namespace(log_base=None, log_level=None, verb_name='build', build_base='build', install_base='install', merge_install=False, symlink_install=True, test_result_base=None, continue_on_error=False, executor='parallel', parallel_workers=2, event_handlers=None, ignore_user_meta=False, metas=['./colcon.meta'], base_paths=['.'], packages_ignore=None, packages_ignore_regex=None, paths=None, packages_up_to=None, packages_up_to_regex=None, packages_above=None, packages_above_and_dependencies=None, packages_above_depth=None, packages_select_by_dep=None, packages_skip_by_dep=None, packages_skip_up_to=None, packages_select_build_failed=False, packages_skip_build_finished=False, packages_select_test_failures=False, packages_skip_test_passed=False, packages_select=None, packages_skip=None, packages_select_regex=None, packages_skip_regex=None, packages_start=None, packages_end=None, allow_overriding=[], cmake_args=None, cmake_target=None, cmake_target_skip_unavailable=False, cmake_clean_cache=False, cmake_clean_first=False, cmake_force_configure=False, ament_cmake_args=None, catkin_cmake_args=None, catkin_skip_building_tests=False, mixin_files=None, mixin=None, verb_parser=<colcon_mixin.mixin.mixin_argument.MixinArgumentDecorator object at 0x79b8d3feece0>, verb_extension=<colcon_core.verb.build.BuildVerb object at 0x79b8d3fee770>, main=<bound method BuildVerb.main of <colcon_core.verb.build.BuildVerb object at 0x79b8d3fee770>>, mixin_verb=('build',))
[0.153s] Level 1:colcon.colcon_core.package_discovery:discover_packages(colcon_meta) check parameters
[0.153s] Level 1:colcon.colcon_core.package_discovery:discover_packages(recursive) check parameters
[0.153s] Level 1:colcon.colcon_core.package_discovery:discover_packages(ignore) check parameters
[0.153s] Level 1:colcon.colcon_core.package_discovery:discover_packages(path) check parameters
[0.153s] Level 1:colcon.colcon_core.package_discovery:discover_packages(colcon_meta) discover
[0.153s] Level 1:colcon.colcon_core.package_discovery:discover_packages(recursive) discover
[0.153s] INFO:colcon.colcon_core.package_discovery:Crawling recursively for packages in '/home/wyatt/ros2_ws/src'
[0.153s] Level 1:colcon.colcon_core.package_identification:_identify(.) by extensions ['ignore', 'ignore_ament_install']
[0.153s] Level 1:colcon.colcon_core.package_identification:_identify(.) by extension 'ignore'
[0.154s] Level 1:colcon.colcon_core.package_identification:_identify(.) by extension 'ignore_ament_install'
[0.154s] Level 1:colcon.colcon_core.package_identification:_identify(.) by extensions ['colcon_pkg']
[0.154s] Level 1:colcon.colcon_core.package_identification:_identify(.) by extension 'colcon_pkg'
[0.154s] Level 1:colcon.colcon_core.package_identification:_identify(.) by extensions ['colcon_meta']
[0.154s] Level 1:colcon.colcon_core.package_identification:_identify(.) by extension 'colcon_meta'
[0.154s] Level 1:colcon.colcon_core.package_identification:_identify(.) by extensions ['ros']
[0.154s] Level 1:colcon.colcon_core.package_identification:_identify(.) by extension 'ros'
[0.160s] Level 1:colcon.colcon_core.package_identification:_identify(.) by extensions ['cmake', 'python']
[0.160s] Level 1:colcon.colcon_core.package_identification:_identify(.) by extension 'cmake'
[0.160s] Level 1:colcon.colcon_core.package_identification:_identify(.) by extension 'python'
[0.160s] Level 1:colcon.colcon_core.package_identification:_identify(.) by extensions ['python_setup_py']
[0.160s] Level 1:colcon.colcon_core.package_identification:_identify(.) by extension 'python_setup_py'
[0.160s] Level 1:colcon.colcon_core.package_identification:_identify(build) by extensions ['ignore', 'ignore_ament_install']
[0.160s] Level 1:colcon.colcon_core.package_identification:_identify(build) by extension 'ignore'
[0.160s] Level 1:colcon.colcon_core.package_identification:_identify(build) ignored
[0.160s] Level 1:colcon.colcon_core.package_identification:_identify(data_relay) by extensions ['ignore', 'ignore_ament_install']
[0.160s] Level 1:colcon.colcon_core.package_identification:_identify(data_relay) by extension 'ignore'
[0.160s] Level 1:colcon.colcon_core.package_identification:_identify(data_relay) by extension 'ignore_ament_install'
[0.160s] Level 1:colcon.colcon_core.package_identification:_identify(data_relay) by extensions ['colcon_pkg']
[0.160s] Level 1:colcon.colcon_core.package_identification:_identify(data_relay) by extension 'colcon_pkg'
[0.160s] Level 1:colcon.colcon_core.package_identification:_identify(data_relay) by extensions ['colcon_meta']
[0.160s] Level 1:colcon.colcon_core.package_identification:_identify(data_relay) by extension 'colcon_meta'
[0.160s] Level 1:colcon.colcon_core.package_identification:_identify(data_relay) by extensions ['ros']
[0.160s] Level 1:colcon.colcon_core.package_identification:_identify(data_relay) by extension 'ros'
[0.162s] DEBUG:colcon.colcon_core.package_identification:Package 'data_relay' with type 'ros.ament_python' and name 'data_relay'
[0.162s] Level 1:colcon.colcon_core.package_identification:_identify(install) by extensions ['ignore', 'ignore_ament_install']
[0.162s] Level 1:colcon.colcon_core.package_identification:_identify(install) by extension 'ignore'
[0.162s] Level 1:colcon.colcon_core.package_identification:_identify(install) ignored
[0.162s] Level 1:colcon.colcon_core.package_identification:_identify(log) by extensions ['ignore', 'ignore_ament_install']
[0.162s] Level 1:colcon.colcon_core.package_identification:_identify(log) by extension 'ignore'
[0.162s] Level 1:colcon.colcon_core.package_identification:_identify(log) ignored
[0.162s] Level 1:colcon.colcon_core.package_discovery:discover_packages(recursive) using defaults
[0.162s] Level 1:colcon.colcon_core.package_discovery:discover_packages(ignore) discover
[0.162s] Level 1:colcon.colcon_core.package_discovery:discover_packages(ignore) using defaults
[0.162s] Level 1:colcon.colcon_core.package_discovery:discover_packages(path) discover
[0.162s] Level 1:colcon.colcon_core.package_discovery:discover_packages(path) using defaults
[0.179s] Level 1:colcon.colcon_core.package_discovery:discover_packages(prefix_path) check parameters
[0.179s] Level 1:colcon.colcon_core.package_discovery:discover_packages(prefix_path) discover
[0.180s] WARNING:colcon.colcon_core.prefix_path.colcon:The path '/home/wyatt/Documents/GitHub/SHC-RoverTeam-3/ROS2/ros2_ws/install' in the environment variable COLCON_PREFIX_PATH doesn't exist
[0.180s] WARNING:colcon.colcon_ros.prefix_path.ament:The path '/home/wyatt/Documents/GitHub/SHC-RoverTeam-3/ROS2/ros2_ws/install/pico_relay' in the environment variable AMENT_PREFIX_PATH doesn't exist
[0.180s] DEBUG:colcon.colcon_installed_package_information.package_discovery:Found 1 installed packages in /home/wyatt/ros2_ws/src/install
[0.180s] DEBUG:colcon.colcon_installed_package_information.package_discovery:Found 0 installed packages in /home/wyatt/ros2_ws/install
[0.181s] DEBUG:colcon.colcon_installed_package_information.package_discovery:Found 1 installed packages in /home/wyatt/Documents/Wyatt ROS2/ros2_ws/install
[0.181s] DEBUG:colcon.colcon_installed_package_information.package_discovery:Found 270 installed packages in /opt/ros/humble
[0.182s] Level 1:colcon.colcon_core.package_discovery:discover_packages(prefix_path) using defaults
[0.202s] Level 5:colcon.colcon_core.verb:set package 'data_relay' build argument 'cmake_args' from command line to 'None'
[0.202s] Level 5:colcon.colcon_core.verb:set package 'data_relay' build argument 'cmake_target' from command line to 'None'
[0.202s] Level 5:colcon.colcon_core.verb:set package 'data_relay' build argument 'cmake_target_skip_unavailable' from command line to 'False'
[0.202s] Level 5:colcon.colcon_core.verb:set package 'data_relay' build argument 'cmake_clean_cache' from command line to 'False'
[0.202s] Level 5:colcon.colcon_core.verb:set package 'data_relay' build argument 'cmake_clean_first' from command line to 'False'
[0.202s] Level 5:colcon.colcon_core.verb:set package 'data_relay' build argument 'cmake_force_configure' from command line to 'False'
[0.202s] Level 5:colcon.colcon_core.verb:set package 'data_relay' build argument 'ament_cmake_args' from command line to 'None'
[0.202s] Level 5:colcon.colcon_core.verb:set package 'data_relay' build argument 'catkin_cmake_args' from command line to 'None'
[0.202s] Level 5:colcon.colcon_core.verb:set package 'data_relay' build argument 'catkin_skip_building_tests' from command line to 'False'
[0.202s] DEBUG:colcon.colcon_core.verb:Building package 'data_relay' with the following arguments: {'ament_cmake_args': None, 'build_base': '/home/wyatt/ros2_ws/src/build/data_relay', 'catkin_cmake_args': None, 'catkin_skip_building_tests': False, 'cmake_args': None, 'cmake_clean_cache': False, 'cmake_clean_first': False, 'cmake_force_configure': False, 'cmake_target': None, 'cmake_target_skip_unavailable': False, 'install_base': '/home/wyatt/ros2_ws/src/install/data_relay', 'merge_install': False, 'path': '/home/wyatt/ros2_ws/src/data_relay', 'symlink_install': True, 'test_result_base': None}
[0.202s] INFO:colcon.colcon_core.executor:Executing jobs using 'parallel' executor
[0.203s] DEBUG:colcon.colcon_parallel_executor.executor.parallel:run_until_complete
[0.204s] INFO:colcon.colcon_ros.task.ament_python.build:Building ROS package in '/home/wyatt/ros2_ws/src/data_relay' with build type 'ament_python'
[0.204s] Level 1:colcon.colcon_core.shell:create_environment_hook('data_relay', 'ament_prefix_path')
[0.205s] INFO:colcon.colcon_core.plugin_system:Skipping extension 'colcon_core.shell.bat': Not used on non-Windows systems
[0.205s] INFO:colcon.colcon_core.shell:Creating environment hook '/home/wyatt/ros2_ws/src/install/data_relay/share/data_relay/hook/ament_prefix_path.ps1'
[0.206s] INFO:colcon.colcon_core.shell:Creating environment descriptor '/home/wyatt/ros2_ws/src/install/data_relay/share/data_relay/hook/ament_prefix_path.dsv'
[0.206s] INFO:colcon.colcon_core.shell:Creating environment hook '/home/wyatt/ros2_ws/src/install/data_relay/share/data_relay/hook/ament_prefix_path.sh'
[0.207s] INFO:colcon.colcon_core.shell:Skip shell extension 'powershell' for command environment: Not usable outside of PowerShell
[0.207s] DEBUG:colcon.colcon_core.shell:Skip shell extension 'dsv' for command environment
[0.375s] INFO:colcon.colcon_core.task.python.build:Building Python package in '/home/wyatt/ros2_ws/src/data_relay'
[0.375s] INFO:colcon.colcon_core.shell:Skip shell extension 'powershell' for command environment: Not usable outside of PowerShell
[0.375s] DEBUG:colcon.colcon_core.shell:Skip shell extension 'dsv' for command environment
[0.652s] DEBUG:colcon.colcon_core.task.python.build:While undoing a previous installation files outside the Python library path are being ignored: /home/wyatt/ros2_ws/src/install/data_relay/share/ament_index/resource_index/packages/data_relay
[0.652s] DEBUG:colcon.colcon_core.task.python.build:While undoing a previous installation files outside the Python library path are being ignored: /home/wyatt/ros2_ws/src/install/data_relay/share/data_relay/package.xml
[0.652s] DEBUG:colcon.colcon_core.task.python.build:While undoing a previous installation files outside the Python library path are being ignored: /home/wyatt/ros2_ws/src/install/data_relay/lib/data_relay/listener_node
[0.652s] DEBUG:colcon.colcon_core.task.python.build:While undoing a previous installation files outside the Python library path are being ignored: /home/wyatt/ros2_ws/src/install/data_relay/lib/data_relay/talker_node
[0.655s] DEBUG:colcon.colcon_core.event_handler.log_command:Invoking command in '/home/wyatt/ros2_ws/src/build/data_relay': PYTHONPATH=/home/wyatt/ros2_ws/src/build/data_relay/prefix_override:/usr/lib/python3/dist-packages/colcon_core/task/python/colcon_distutils_commands:/home/wyatt/ros2_ws/src/install/data_relay/lib/python3.10/site-packages:${PYTHONPATH} /usr/bin/python3 -W ignore:setup.py install is deprecated setup.py develop --editable --build-directory /home/wyatt/ros2_ws/src/build/data_relay/build --no-deps symlink_data --force
[0.941s] Level 1:colcon.colcon_core.shell:create_environment_hook('data_relay', 'pythonpath_develop')
[0.942s] INFO:colcon.colcon_core.shell:Creating environment hook '/home/wyatt/ros2_ws/src/build/data_relay/share/data_relay/hook/pythonpath_develop.ps1'
[0.943s] INFO:colcon.colcon_core.shell:Creating environment descriptor '/home/wyatt/ros2_ws/src/build/data_relay/share/data_relay/hook/pythonpath_develop.dsv'
[0.944s] INFO:colcon.colcon_core.shell:Creating environment hook '/home/wyatt/ros2_ws/src/build/data_relay/share/data_relay/hook/pythonpath_develop.sh'
[0.945s] Level 1:colcon.colcon_core.environment:checking '/home/wyatt/ros2_ws/src/install/data_relay' for CMake module files
[0.946s] DEBUG:colcon.colcon_core.event_handler.log_command:Invoked command in '/home/wyatt/ros2_ws/src/build/data_relay' returned '0': PYTHONPATH=/home/wyatt/ros2_ws/src/build/data_relay/prefix_override:/usr/lib/python3/dist-packages/colcon_core/task/python/colcon_distutils_commands:/home/wyatt/ros2_ws/src/install/data_relay/lib/python3.10/site-packages:${PYTHONPATH} /usr/bin/python3 -W ignore:setup.py install is deprecated setup.py develop --editable --build-directory /home/wyatt/ros2_ws/src/build/data_relay/build --no-deps symlink_data --force
[0.946s] Level 1:colcon.colcon_core.environment:checking '/home/wyatt/ros2_ws/src/install/data_relay' for CMake config files
[0.947s] Level 1:colcon.colcon_core.environment:checking '/home/wyatt/ros2_ws/src/install/data_relay/lib'
[0.947s] Level 1:colcon.colcon_core.environment:checking '/home/wyatt/ros2_ws/src/install/data_relay/bin'
[0.947s] Level 1:colcon.colcon_core.environment:checking '/home/wyatt/ros2_ws/src/install/data_relay/lib/pkgconfig/data_relay.pc'
[0.947s] Level 1:colcon.colcon_core.environment:checking '/home/wyatt/ros2_ws/src/install/data_relay/lib/python3.10/site-packages'
[0.947s] Level 1:colcon.colcon_core.shell:create_environment_hook('data_relay', 'pythonpath')
[0.947s] INFO:colcon.colcon_core.shell:Creating environment hook '/home/wyatt/ros2_ws/src/install/data_relay/share/data_relay/hook/pythonpath.ps1'
[0.947s] INFO:colcon.colcon_core.shell:Creating environment descriptor '/home/wyatt/ros2_ws/src/install/data_relay/share/data_relay/hook/pythonpath.dsv'
[0.948s] INFO:colcon.colcon_core.shell:Creating environment hook '/home/wyatt/ros2_ws/src/install/data_relay/share/data_relay/hook/pythonpath.sh'
[0.948s] Level 1:colcon.colcon_core.environment:checking '/home/wyatt/ros2_ws/src/install/data_relay/bin'
[0.948s] Level 1:colcon.colcon_core.environment:create_environment_scripts_only(data_relay)
[0.948s] INFO:colcon.colcon_core.shell:Creating package script '/home/wyatt/ros2_ws/src/install/data_relay/share/data_relay/package.ps1'
[0.949s] INFO:colcon.colcon_core.shell:Creating package descriptor '/home/wyatt/ros2_ws/src/install/data_relay/share/data_relay/package.dsv'
[0.950s] INFO:colcon.colcon_core.shell:Creating package script '/home/wyatt/ros2_ws/src/install/data_relay/share/data_relay/package.sh'
[0.950s] INFO:colcon.colcon_core.shell:Creating package script '/home/wyatt/ros2_ws/src/install/data_relay/share/data_relay/package.bash'
[0.951s] INFO:colcon.colcon_core.shell:Creating package script '/home/wyatt/ros2_ws/src/install/data_relay/share/data_relay/package.zsh'
[0.951s] Level 1:colcon.colcon_core.environment:create_file_with_runtime_dependencies(/home/wyatt/ros2_ws/src/install/data_relay/share/colcon-core/packages/data_relay)
[0.952s] DEBUG:colcon.colcon_parallel_executor.executor.parallel:closing loop
[0.952s] DEBUG:colcon.colcon_parallel_executor.executor.parallel:loop closed
[0.952s] DEBUG:colcon.colcon_parallel_executor.executor.parallel:run_until_complete finished with '0'
[0.952s] DEBUG:colcon.colcon_core.event_reactor:joining thread
[0.956s] INFO:colcon.colcon_core.plugin_system:Skipping extension 'colcon_notification.desktop_notification.terminal_notifier': Not used on non-Darwin systems
[0.956s] INFO:colcon.colcon_core.plugin_system:Skipping extension 'colcon_notification.desktop_notification.win32': Not used on non-Windows systems
[0.957s] INFO:colcon.colcon_notification.desktop_notification:Sending desktop notification using 'notify2'
[0.967s] DEBUG:colcon.colcon_core.event_reactor:joined thread
[0.968s] INFO:colcon.colcon_core.shell:Creating prefix script '/home/wyatt/ros2_ws/src/install/local_setup.ps1'
[0.968s] INFO:colcon.colcon_core.shell:Creating prefix util module '/home/wyatt/ros2_ws/src/install/_local_setup_util_ps1.py'
[0.969s] INFO:colcon.colcon_core.shell:Creating prefix chain script '/home/wyatt/ros2_ws/src/install/setup.ps1'
[0.970s] INFO:colcon.colcon_core.shell:Creating prefix script '/home/wyatt/ros2_ws/src/install/local_setup.sh'
[0.971s] INFO:colcon.colcon_core.shell:Creating prefix util module '/home/wyatt/ros2_ws/src/install/_local_setup_util_sh.py'
[0.972s] INFO:colcon.colcon_core.shell:Creating prefix chain script '/home/wyatt/ros2_ws/src/install/setup.sh'
[0.973s] INFO:colcon.colcon_core.shell:Creating prefix script '/home/wyatt/ros2_ws/src/install/local_setup.bash'
[0.973s] INFO:colcon.colcon_core.shell:Creating prefix chain script '/home/wyatt/ros2_ws/src/install/setup.bash'
[0.974s] INFO:colcon.colcon_core.shell:Creating prefix script '/home/wyatt/ros2_ws/src/install/local_setup.zsh'
[0.974s] INFO:colcon.colcon_core.shell:Creating prefix chain script '/home/wyatt/ros2_ws/src/install/setup.zsh'
