[0.606s] Invoking command in '/home/wyatt/ros2_ws/src/build/data_relay': PYTHONPATH=/home/wyatt/ros2_ws/src/build/data_relay/prefix_override:/usr/lib/python3/dist-packages/colcon_core/task/python/colcon_distutils_commands:/home/wyatt/ros2_ws/src/install/data_relay/lib/python3.10/site-packages:${PYTHONPATH} /usr/bin/python3 -W ignore:setup.py install is deprecated setup.py develop --editable --build-directory /home/wyatt/ros2_ws/src/build/data_relay/build --no-deps symlink_data
[0.757s] running develop
[0.758s] /usr/lib/python3/dist-packages/setuptools/command/easy_install.py:158: EasyInstallDeprecationWarning: easy_install command is deprecated. Use build and pip and other standards-based tools.
[0.758s]   warnings.warn(
[0.849s] running egg_info
[0.849s] writing data_relay.egg-info/PKG-INFO
[0.850s] writing dependency_links to data_relay.egg-info/dependency_links.txt
[0.850s] writing entry points to data_relay.egg-info/entry_points.txt
[0.851s] writing requirements to data_relay.egg-info/requires.txt
[0.852s] writing top-level names to data_relay.egg-info/top_level.txt
[0.853s] reading manifest file 'data_relay.egg-info/SOURCES.txt'
[0.853s] writing manifest file 'data_relay.egg-info/SOURCES.txt'
[0.855s] running build_ext
[0.855s] Creating /home/wyatt/ros2_ws/src/install/data_relay/lib/python3.10/site-packages/data-relay.egg-link (link to .)
[0.856s] Installing groundstation_node script to /home/wyatt/ros2_ws/src/install/data_relay/lib/data_relay
[0.857s] Installing listener_node script to /home/wyatt/ros2_ws/src/install/data_relay/lib/data_relay
[0.858s] Installing talker_node script to /home/wyatt/ros2_ws/src/install/data_relay/lib/data_relay
[0.858s] 
[0.858s] Installed /home/wyatt/ros2_ws/src/build/data_relay
[0.858s] running symlink_data
[0.874s] Invoked command in '/home/wyatt/ros2_ws/src/build/data_relay' returned '0': PYTHONPATH=/home/wyatt/ros2_ws/src/build/data_relay/prefix_override:/usr/lib/python3/dist-packages/colcon_core/task/python/colcon_distutils_commands:/home/wyatt/ros2_ws/src/install/data_relay/lib/python3.10/site-packages:${PYTHONPATH} /usr/bin/python3 -W ignore:setup.py install is deprecated setup.py develop --editable --build-directory /home/wyatt/ros2_ws/src/build/data_relay/build --no-deps symlink_data
