[0.682s] Invoking command in '/home/wyatt/ros2_ws/src/build/data_relay': PYTHONPATH=/home/wyatt/ros2_ws/src/build/data_relay/prefix_override:/usr/lib/python3/dist-packages/colcon_core/task/python/colcon_distutils_commands:/home/wyatt/ros2_ws/src/install/data_relay/lib/python3.10/site-packages:${PYTHONPATH} /usr/bin/python3 -W ignore:setup.py install is deprecated setup.py develop --uninstall --editable --build-directory /home/wyatt/ros2_ws/src/build/data_relay/build
[0.838s] running develop
[0.840s] /usr/lib/python3/dist-packages/setuptools/command/easy_install.py:158: EasyInstallDeprecationWarning: easy_install command is deprecated. Use build and pip and other standards-based tools.
[0.840s]   warnings.warn(
[0.928s] Removing /home/wyatt/ros2_ws/src/install/data_relay/lib/python3.10/site-packages/data-relay.egg-link (link to .)
[0.947s] Invoked command in '/home/wyatt/ros2_ws/src/build/data_relay' returned '0': PYTHONPATH=/home/wyatt/ros2_ws/src/build/data_relay/prefix_override:/usr/lib/python3/dist-packages/colcon_core/task/python/colcon_distutils_commands:/home/wyatt/ros2_ws/src/install/data_relay/lib/python3.10/site-packages:${PYTHONPATH} /usr/bin/python3 -W ignore:setup.py install is deprecated setup.py develop --uninstall --editable --build-directory /home/wyatt/ros2_ws/src/build/data_relay/build
[0.948s] Invoking command in '/home/wyatt/ros2_ws/src/data_relay': PYTHONPATH=/home/wyatt/ros2_ws/src/build/data_relay/prefix_override:/usr/lib/python3/dist-packages/colcon_core/task/python/colcon_distutils_commands:/home/wyatt/ros2_ws/src/install/data_relay/lib/python3.10/site-packages:${PYTHONPATH} /usr/bin/python3 -W ignore:setup.py install is deprecated setup.py egg_info --egg-base ../build/data_relay build --build-base /home/wyatt/ros2_ws/src/build/data_relay/build install --record /home/wyatt/ros2_ws/src/build/data_relay/install.log --single-version-externally-managed install_data --force
[1.088s] running egg_info
[1.088s] writing ../build/data_relay/data_relay.egg-info/PKG-INFO
[1.089s] writing dependency_links to ../build/data_relay/data_relay.egg-info/dependency_links.txt
[1.090s] writing entry points to ../build/data_relay/data_relay.egg-info/entry_points.txt
[1.090s] writing requirements to ../build/data_relay/data_relay.egg-info/requires.txt
[1.091s] writing top-level names to ../build/data_relay/data_relay.egg-info/top_level.txt
[1.092s] reading manifest file '../build/data_relay/data_relay.egg-info/SOURCES.txt'
[1.094s] writing manifest file '../build/data_relay/data_relay.egg-info/SOURCES.txt'
[1.094s] running build
[1.094s] running build_py
[1.095s] copying data_relay/diagrams_rc.py -> /home/wyatt/ros2_ws/src/build/data_relay/build/lib/data_relay
[1.098s] copying data_relay/groundstation.py -> /home/wyatt/ros2_ws/src/build/data_relay/build/lib/data_relay
[1.098s] running install
[1.099s] running install_lib
[1.099s] creating /home/wyatt/ros2_ws/src/install/data_relay/lib/python3.10/site-packages/data_relay
[1.099s] copying /home/wyatt/ros2_ws/src/build/data_relay/build/lib/data_relay/listener.py -> /home/wyatt/ros2_ws/src/install/data_relay/lib/python3.10/site-packages/data_relay
[1.100s] copying /home/wyatt/ros2_ws/src/build/data_relay/build/lib/data_relay/talker.py -> /home/wyatt/ros2_ws/src/install/data_relay/lib/python3.10/site-packages/data_relay
[1.100s] copying /home/wyatt/ros2_ws/src/build/data_relay/build/lib/data_relay/__init__.py -> /home/wyatt/ros2_ws/src/install/data_relay/lib/python3.10/site-packages/data_relay
[1.100s] copying /home/wyatt/ros2_ws/src/build/data_relay/build/lib/data_relay/diagrams_rc.py -> /home/wyatt/ros2_ws/src/install/data_relay/lib/python3.10/site-packages/data_relay
[1.101s] copying /home/wyatt/ros2_ws/src/build/data_relay/build/lib/data_relay/groundstation.py -> /home/wyatt/ros2_ws/src/install/data_relay/lib/python3.10/site-packages/data_relay
[1.102s] byte-compiling /home/wyatt/ros2_ws/src/install/data_relay/lib/python3.10/site-packages/data_relay/listener.py to listener.cpython-310.pyc
[1.102s] byte-compiling /home/wyatt/ros2_ws/src/install/data_relay/lib/python3.10/site-packages/data_relay/talker.py to talker.cpython-310.pyc
[1.102s] byte-compiling /home/wyatt/ros2_ws/src/install/data_relay/lib/python3.10/site-packages/data_relay/__init__.py to __init__.cpython-310.pyc
[1.102s] byte-compiling /home/wyatt/ros2_ws/src/install/data_relay/lib/python3.10/site-packages/data_relay/diagrams_rc.py to diagrams_rc.cpython-310.pyc
[1.107s] byte-compiling /home/wyatt/ros2_ws/src/install/data_relay/lib/python3.10/site-packages/data_relay/groundstation.py to groundstation.cpython-310.pyc
[1.109s] running install_data
[1.109s] copying resource/data_relay -> /home/wyatt/ros2_ws/src/install/data_relay/share/ament_index/resource_index/packages
[1.109s] copying package.xml -> /home/wyatt/ros2_ws/src/install/data_relay/share/data_relay
[1.109s] running install_egg_info
[1.110s] Copying ../build/data_relay/data_relay.egg-info to /home/wyatt/ros2_ws/src/install/data_relay/lib/python3.10/site-packages/data_relay-0.0.0-py3.10.egg-info
[1.111s] running install_scripts
[1.124s] Installing listener_node script to /home/wyatt/ros2_ws/src/install/data_relay/lib/data_relay
[1.124s] Installing talker_node script to /home/wyatt/ros2_ws/src/install/data_relay/lib/data_relay
[1.124s] writing list of installed files to '/home/wyatt/ros2_ws/src/build/data_relay/install.log'
[1.138s] Invoked command in '/home/wyatt/ros2_ws/src/data_relay' returned '0': PYTHONPATH=/home/wyatt/ros2_ws/src/build/data_relay/prefix_override:/usr/lib/python3/dist-packages/colcon_core/task/python/colcon_distutils_commands:/home/wyatt/ros2_ws/src/install/data_relay/lib/python3.10/site-packages:${PYTHONPATH} /usr/bin/python3 -W ignore:setup.py install is deprecated setup.py egg_info --egg-base ../build/data_relay build --build-base /home/wyatt/ros2_ws/src/build/data_relay/build install --record /home/wyatt/ros2_ws/src/build/data_relay/install.log --single-version-externally-managed install_data --force
