[0.451s] Invoking command in '/home/wyatt/ros2_ws/src/build/data_relay': PYTHONPATH=/home/wyatt/ros2_ws/src/build/data_relay/prefix_override:/usr/lib/python3/dist-packages/colcon_core/task/python/colcon_distutils_commands:/home/wyatt/ros2_ws/src/install/data_relay/lib/python3.10/site-packages:${PYTHONPATH} /usr/bin/python3 -W ignore:setup.py install is deprecated setup.py develop --editable --build-directory /home/wyatt/ros2_ws/src/build/data_relay/build --no-deps symlink_data --force
[0.619s] running develop
[0.619s] /usr/lib/python3/dist-packages/setuptools/command/easy_install.py:158: EasyInstallDeprecationWarning: easy_install command is deprecated. Use build and pip and other standards-based tools.
[0.619s]   warnings.warn(
[0.709s] running egg_info
[0.709s] writing data_relay.egg-info/PKG-INFO
[0.710s] writing dependency_links to data_relay.egg-info/dependency_links.txt
[0.711s] writing entry points to data_relay.egg-info/entry_points.txt
[0.711s] writing requirements to data_relay.egg-info/requires.txt
[0.711s] writing top-level names to data_relay.egg-info/top_level.txt
[0.712s] reading manifest file 'data_relay.egg-info/SOURCES.txt'
[0.713s] writing manifest file 'data_relay.egg-info/SOURCES.txt'
[0.714s] running build_ext
[0.715s] Creating /home/wyatt/ros2_ws/src/install/data_relay/lib/python3.10/site-packages/data-relay.egg-link (link to .)
[0.715s] Installing groundstation_node script to /home/wyatt/ros2_ws/src/install/data_relay/lib/data_relay
[0.716s] Installing listener_node script to /home/wyatt/ros2_ws/src/install/data_relay/lib/data_relay
[0.716s] Installing talker_node script to /home/wyatt/ros2_ws/src/install/data_relay/lib/data_relay
[0.716s] 
[0.716s] Installed /home/wyatt/ros2_ws/src/build/data_relay
[0.716s] running symlink_data
[0.716s] symbolically linking /home/wyatt/ros2_ws/src/build/data_relay/resource/data_relay -> /home/wyatt/ros2_ws/src/install/data_relay/share/ament_index/resource_index/packages
[0.717s] symbolically linking /home/wyatt/ros2_ws/src/build/data_relay/package.xml -> /home/wyatt/ros2_ws/src/install/data_relay/share/data_relay
[0.742s] Invoked command in '/home/wyatt/ros2_ws/src/build/data_relay' returned '0': PYTHONPATH=/home/wyatt/ros2_ws/src/build/data_relay/prefix_override:/usr/lib/python3/dist-packages/colcon_core/task/python/colcon_distutils_commands:/home/wyatt/ros2_ws/src/install/data_relay/lib/python3.10/site-packages:${PYTHONPATH} /usr/bin/python3 -W ignore:setup.py install is deprecated setup.py develop --editable --build-directory /home/wyatt/ros2_ws/src/build/data_relay/build --no-deps symlink_data --force
